<?xml version="1.0" encoding="UTF-8"?>
<!-- Generated by org.testng.reporters.JUnitReportReporter -->
<testsuite skipped="0" hostname="QAP30-PC" name="interviewtest.AddRole_Adduser" tests="4" failures="0" timestamp="19 Feb 2019 05:14:01 GMT" time="21.010" errors="0">
  <testcase name="login" time="5.305" classname="interviewtest.AddRole_Adduser"/>
  <testcase name="systemSettings" time="2.156" classname="interviewtest.AddRole_Adduser"/>
  <testcase name="addRole" time="7.308" classname="interviewtest.AddRole_Adduser"/>
  <testcase name="addUser" time="6.241" classname="interviewtest.AddRole_Adduser"/>
</testsuite> <!-- interviewtest.AddRole_Adduser -->
