<?xml version="1.0" encoding="UTF-8"?>
<!-- Generated by org.testng.reporters.JUnitReportReporter -->
<testsuite skipped="0" hostname="QAP30-PC" name="interviewtest.Testng_Version" tests="4" failures="0" timestamp="19 Feb 2019 11:17:29 GMT" time="21.649" errors="0">
  <testcase name="login" time="5.865" classname="interviewtest.Testng_Version"/>
  <testcase name="systemSettings" time="2.199" classname="interviewtest.Testng_Version"/>
  <testcase name="addRole" time="7.390" classname="interviewtest.Testng_Version"/>
  <testcase name="addUser" time="6.195" classname="interviewtest.Testng_Version"/>
</testsuite> <!-- interviewtest.Testng_Version -->
