<?xml version="1.0" encoding="UTF-8"?>
<!-- Generated by org.testng.reporters.JUnitReportReporter -->
<testsuite skipped="0" hostname="QAP30-PC" name="interviewtest.Test1" tests="4" failures="0" timestamp="19 Feb 2019 05:11:56 GMT" time="21.094" errors="0">
  <testcase name="login" time="5.306" classname="interviewtest.Test1"/>
  <testcase name="systemSettings" time="2.212" classname="interviewtest.Test1"/>
  <testcase name="addRole" time="7.313" classname="interviewtest.Test1"/>
  <testcase name="addUser" time="6.263" classname="interviewtest.Test1"/>
</testsuite> <!-- interviewtest.Test1 -->
